<?xml version="1.0" encoding="UTF-8"?>
<testsuite name="testSuite.NewContactTest" tests="1" skipped="0" failures="0" errors="0" timestamp="2022-12-16T23:56:57" hostname="rodrigo-villarroel" time="6.886">
  <properties/>
  <testcase name="verifyNewContact()" classname="testSuite.NewContactTest" time="6.886"/>
  <system-out><![CDATA[]]></system-out>
  <system-err><![CDATA[SLF4J: Failed to load class "org.slf4j.impl.StaticLoggerBinder".
SLF4J: Defaulting to no-operation (NOP) logger implementation
SLF4J: See http://www.slf4j.org/codes.html#StaticLoggerBinder for further details.
]]></system-err>
</testsuite>
